<?xml version="1.0" encoding="UTF-8"?>
<testsuite xmlns:xsi="http://www.w3.org/2001/XMLSchema-instance" xsi:noNamespaceSchemaLocation="https://maven.apache.org/surefire/maven-failsafe-plugin/xsd/failsafe-test-report.xsd" name="helsinki.tablecodes.assets.AssetClassTest" time="58.597" tests="12" errors="0" skipped="0" failures="0">
  <properties>
[...]
</properties>
  <testcase name="persistent_predicates_on_abstract_entities" classname="helsinki.tablecodes.assets.AssetClassTest" time="11.893"/>
  <testcase name="some_random_operations" classname="helsinki.tablecodes.assets.AssetClassTest" time="0.632"/>
  <testcase name="can_find_dirty_properties" classname="helsinki.tablecodes.assets.AssetClassTest" time="0.212"/>
  <testcase name="meta_property_for_uninstrumented_instances_do_not_exist" classname="helsinki.tablecodes.assets.AssetClassTest" time="0"/>
  <testcase name="there_are_two_instances_in_test_population" classname="helsinki.tablecodes.assets.AssetClassTest" time="0"/>
  <testcase name="dirty_and_valid_predicates_on_abstract_entities" classname="helsinki.tablecodes.assets.AssetClassTest" time="0"/>
  <testcase name="createdBy_infrmation_is_assigned_upon_saving" classname="helsinki.tablecodes.assets.AssetClassTest" time="0"/>
  <testcase name="asset_class_name_cannot_contain_spaces" classname="helsinki.tablecodes.assets.AssetClassTest" time="0"/>
  <testcase name="requiredness_of_properties_defined_as_required_cannot_be_changed_at_runtime" classname="helsinki.tablecodes.assets.AssetClassTest" time="0"/>
  <testcase name="there_is_only_one_instance_ending_with_2" classname="helsinki.tablecodes.assets.AssetClassTest" time="0"/>
  <testcase name="asset_class_name_cannot_be_shorte_than_3_characters" classname="helsinki.tablecodes.assets.AssetClassTest" time="0"/>
  <testcase name="there_is_only_one_instance_ending_with_2_even_if_conditioning_key" classname="helsinki.tablecodes.assets.AssetClassTest" time="0"/>
</testsuite>